travis_fold:start:system_info[0K[33;1mBuild system information[0m
Build language: java
Build id: ''
Job id: ''
[34m[1mBuild image provisioning date and time[0m
Thu Feb  5 15:09:33 UTC 2015
[34m[1mOperating System Details[0m
Distributor ID:	Ubuntu
Description:	Ubuntu 12.04.5 LTS
Release:	12.04
Codename:	precise
[34m[1mLinux Version[0m
3.13.0-29-generic
[34m[1mCookbooks Version[0m
a68419e https://github.com/travis-ci/travis-cookbooks/tree/a68419e
[34m[1mGCC version[0m
gcc (Ubuntu/Linaro 4.6.3-1ubuntu5) 4.6.3
Copyright (C) 2011 Free Software Foundation, Inc.
This is free software; see the source for copying conditions.  There is NO
warranty; not even for MERCHANTABILITY or FITNESS FOR A PARTICULAR PURPOSE.

[34m[1mLLVM version[0m
clang version 3.4 (tags/RELEASE_34/final)
Target: x86_64-unknown-linux-gnu
Thread model: posix
[34m[1mPre-installed Ruby versions[0m
ruby-1.9.3-p551
[34m[1mPre-installed Node.js versions[0m
v0.10.36
[34m[1mPre-installed Go versions[0m
1.4.1
[34m[1mRedis version[0m
redis-server 2.8.19
[34m[1mriak version[0m
2.0.2
[34m[1mMongoDB version[0m
MongoDB 2.4.12
[34m[1mCouchDB version[0m
couchdb 1.6.1
[34m[1mNeo4j version[0m
1.9.4
[34m[1mRabbitMQ Version[0m
3.4.3
[34m[1mElasticSearch version[0m
1.4.0
[34m[1mInstalled Sphinx versions[0m
2.0.10
2.1.9
2.2.6
[34m[1mDefault Sphinx version[0m
2.2.6
[34m[1mInstalled Firefox version[0m
firefox 31.0esr
[34m[1mPhantomJS version[0m
1.9.8
[34m[1mant -version[0m
Apache Ant(TM) version 1.8.2 compiled on December 3 2011
[34m[1mmvn -version[0m
Apache Maven 3.2.5 (12a6b3acb947671f09b81f49094c53f426d8cea1; 2014-12-14T17:29:23+00:00)
Maven home: /usr/local/maven
Java version: 1.7.0_76, vendor: Oracle Corporation
Java home: /usr/lib/jvm/java-7-oracle/jre
Default locale: en_US, platform encoding: ANSI_X3.4-1968
OS name: "linux", version: "3.13.0-29-generic", arch: "amd64", family: "unix"
travis_fold:end:system_info[0K
W: Failed to fetch http://us.archive.ubuntu.com/ubuntu/dists/precise/main/source/Sources  404  Not Found [IP: 91.189.91.39 80]

W: Failed to fetch http://us.archive.ubuntu.com/ubuntu/dists/precise/restricted/source/Sources  404  Not Found [IP: 91.189.91.39 80]

W: Failed to fetch http://us.archive.ubuntu.com/ubuntu/dists/precise/universe/source/Sources  404  Not Found [IP: 91.189.91.39 80]

W: Failed to fetch http://us.archive.ubuntu.com/ubuntu/dists/precise/multiverse/source/Sources  404  Not Found [IP: 91.189.91.39 80]

W: Failed to fetch http://us.archive.ubuntu.com/ubuntu/dists/precise/main/binary-amd64/Packages  404  Not Found [IP: 91.189.91.39 80]

W: Failed to fetch http://us.archive.ubuntu.com/ubuntu/dists/precise/restricted/binary-amd64/Packages  404  Not Found [IP: 91.189.91.39 80]

W: Failed to fetch http://us.archive.ubuntu.com/ubuntu/dists/precise/universe/binary-amd64/Packages  404  Not Found [IP: 91.189.91.39 80]

W: Failed to fetch http://us.archive.ubuntu.com/ubuntu/dists/precise/multiverse/binary-amd64/Packages  404  Not Found [IP: 91.189.91.39 80]

W: Failed to fetch http://us.archive.ubuntu.com/ubuntu/dists/precise/main/binary-i386/Packages  404  Not Found [IP: 91.189.91.39 80]

W: Failed to fetch http://us.archive.ubuntu.com/ubuntu/dists/precise/restricted/binary-i386/Packages  404  Not Found [IP: 91.189.91.39 80]

W: Failed to fetch http://us.archive.ubuntu.com/ubuntu/dists/precise/universe/binary-i386/Packages  404  Not Found [IP: 91.189.91.39 80]

W: Failed to fetch http://us.archive.ubuntu.com/ubuntu/dists/precise/multiverse/binary-i386/Packages  404  Not Found [IP: 91.189.91.39 80]

W: Failed to fetch http://us.archive.ubuntu.com/ubuntu/dists/precise-updates/main/source/Sources  404  Not Found [IP: 91.189.91.39 80]

W: Failed to fetch http://us.archive.ubuntu.com/ubuntu/dists/precise-updates/restricted/source/Sources  404  Not Found [IP: 91.189.91.39 80]

W: Failed to fetch http://us.archive.ubuntu.com/ubuntu/dists/precise-updates/universe/source/Sources  404  Not Found [IP: 91.189.91.39 80]

W: Failed to fetch http://us.archive.ubuntu.com/ubuntu/dists/precise-updates/multiverse/source/Sources  404  Not Found [IP: 91.189.91.39 80]

W: Failed to fetch http://us.archive.ubuntu.com/ubuntu/dists/precise-updates/main/binary-amd64/Packages  404  Not Found [IP: 91.189.91.39 80]

W: Failed to fetch http://us.archive.ubuntu.com/ubuntu/dists/precise-updates/restricted/binary-amd64/Packages  404  Not Found [IP: 91.189.91.39 80]

W: Failed to fetch http://us.archive.ubuntu.com/ubuntu/dists/precise-updates/universe/binary-amd64/Packages  404  Not Found [IP: 91.189.91.39 80]

W: Failed to fetch http://us.archive.ubuntu.com/ubuntu/dists/precise-updates/multiverse/binary-amd64/Packages  404  Not Found [IP: 91.189.91.39 80]

W: Failed to fetch http://us.archive.ubuntu.com/ubuntu/dists/precise-updates/main/binary-i386/Packages  404  Not Found [IP: 91.189.91.39 80]

W: Failed to fetch http://us.archive.ubuntu.com/ubuntu/dists/precise-updates/restricted/binary-i386/Packages  404  Not Found [IP: 91.189.91.39 80]

W: Failed to fetch http://us.archive.ubuntu.com/ubuntu/dists/precise-updates/universe/binary-i386/Packages  404  Not Found [IP: 91.189.91.39 80]

W: Failed to fetch http://us.archive.ubuntu.com/ubuntu/dists/precise-updates/multiverse/binary-i386/Packages  404  Not Found [IP: 91.189.91.39 80]

W: Failed to fetch http://us.archive.ubuntu.com/ubuntu/dists/precise-backports/main/source/Sources  404  Not Found [IP: 91.189.91.39 80]

W: Failed to fetch http://us.archive.ubuntu.com/ubuntu/dists/precise-backports/restricted/source/Sources  404  Not Found [IP: 91.189.91.39 80]

W: Failed to fetch http://us.archive.ubuntu.com/ubuntu/dists/precise-backports/universe/source/Sources  404  Not Found [IP: 91.189.91.39 80]

W: Failed to fetch http://us.archive.ubuntu.com/ubuntu/dists/precise-backports/multiverse/source/Sources  404  Not Found [IP: 91.189.91.39 80]

W: Failed to fetch http://us.archive.ubuntu.com/ubuntu/dists/precise-backports/main/binary-amd64/Packages  404  Not Found [IP: 91.189.91.39 80]

W: Failed to fetch http://us.archive.ubuntu.com/ubuntu/dists/precise-backports/restricted/binary-amd64/Packages  404  Not Found [IP: 91.189.91.39 80]

W: Failed to fetch http://us.archive.ubuntu.com/ubuntu/dists/precise-backports/universe/binary-amd64/Packages  404  Not Found [IP: 91.189.91.39 80]

W: Failed to fetch http://us.archive.ubuntu.com/ubuntu/dists/precise-backports/multiverse/binary-amd64/Packages  404  Not Found [IP: 91.189.91.39 80]

W: Failed to fetch http://us.archive.ubuntu.com/ubuntu/dists/precise-backports/main/binary-i386/Packages  404  Not Found [IP: 91.189.91.39 80]

W: Failed to fetch http://us.archive.ubuntu.com/ubuntu/dists/precise-backports/restricted/binary-i386/Packages  404  Not Found [IP: 91.189.91.39 80]

W: Failed to fetch http://us.archive.ubuntu.com/ubuntu/dists/precise-backports/universe/binary-i386/Packages  404  Not Found [IP: 91.189.91.39 80]

W: Failed to fetch http://us.archive.ubuntu.com/ubuntu/dists/precise-backports/multiverse/binary-i386/Packages  404  Not Found [IP: 91.189.91.39 80]

W: Failed to fetch http://security.ubuntu.com/ubuntu/dists/precise-security/main/source/Sources  404  Not Found [IP: 185.125.190.36 80]

W: Failed to fetch http://security.ubuntu.com/ubuntu/dists/precise-security/restricted/source/Sources  404  Not Found [IP: 185.125.190.36 80]

W: Failed to fetch http://security.ubuntu.com/ubuntu/dists/precise-security/universe/source/Sources  404  Not Found [IP: 185.125.190.36 80]

W: Failed to fetch http://security.ubuntu.com/ubuntu/dists/precise-security/multiverse/source/Sources  404  Not Found [IP: 185.125.190.36 80]

W: Failed to fetch http://security.ubuntu.com/ubuntu/dists/precise-security/main/binary-amd64/Packages  404  Not Found [IP: 185.125.190.36 80]

W: Failed to fetch http://security.ubuntu.com/ubuntu/dists/precise-security/restricted/binary-amd64/Packages  404  Not Found [IP: 185.125.190.36 80]

W: Failed to fetch http://security.ubuntu.com/ubuntu/dists/precise-security/universe/binary-amd64/Packages  404  Not Found [IP: 185.125.190.36 80]

W: Failed to fetch http://security.ubuntu.com/ubuntu/dists/precise-security/multiverse/binary-amd64/Packages  404  Not Found [IP: 185.125.190.36 80]

W: Failed to fetch http://security.ubuntu.com/ubuntu/dists/precise-security/main/binary-i386/Packages  404  Not Found [IP: 185.125.190.36 80]

W: Failed to fetch http://security.ubuntu.com/ubuntu/dists/precise-security/restricted/binary-i386/Packages  404  Not Found [IP: 185.125.190.36 80]

W: Failed to fetch http://security.ubuntu.com/ubuntu/dists/precise-security/universe/binary-i386/Packages  404  Not Found [IP: 185.125.190.36 80]

W: Failed to fetch http://security.ubuntu.com/ubuntu/dists/precise-security/multiverse/binary-i386/Packages  404  Not Found [IP: 185.125.190.36 80]

W: Failed to fetch http://apt.postgresql.org/pub/repos/apt/dists/precise-pgdg/main/binary-amd64/Packages  404  Not Found [IP: 217.196.149.55 80]

W: Failed to fetch http://apt.postgresql.org/pub/repos/apt/dists/precise-pgdg/main/binary-i386/Packages  404  Not Found [IP: 217.196.149.55 80]

W: Failed to fetch http://ppa.launchpad.net/rwky/ppa/ubuntu/dists/precise/main/binary-amd64/Packages  403  Forbidden

W: Failed to fetch http://ppa.launchpad.net/rwky/ppa/ubuntu/dists/precise/main/binary-i386/Packages  403  Forbidden

W: Failed to fetch http://ppa.launchpad.net/travis-ci/zero-mq/ubuntu/dists/precise/main/binary-amd64/Packages  403  Forbidden

W: Failed to fetch http://ppa.launchpad.net/travis-ci/zero-mq/ubuntu/dists/precise/main/binary-i386/Packages  403  Forbidden

W: Failed to fetch http://downloads-distro.mongodb.org/repo/debian-sysvinit/dists/dist/10gen/binary-amd64/Packages  Undetermined Error [IP: 52.206.222.245 80]

W: Failed to fetch http://downloads-distro.mongodb.org/repo/debian-sysvinit/dists/dist/10gen/binary-i386/Packages  Undetermined Error [IP: 52.206.222.245 80]

E: Some index files failed to download. They have been ignored, or old ones used instead.
sed: cannot rename /etc/hosts: Device or resource busy
sed: cannot rename /etc/hosts: Device or resource busy
$ jdk_switcher use oraclejdk8
Switching to Oracle JDK8 (java-8-oracle), JAVA_HOME will be set to /usr/lib/jvm/java-8-oracle
$ cd failed/cbeust/testng
$ export TERM=dumb
$ java -Xmx32m -version
java version "1.8.0_31"
Java(TM) SE Runtime Environment (build 1.8.0_31-b13)
Java HotSpot(TM) 64-Bit Server VM (build 25.31-b07, mixed mode)
$ javac -J-Xmx32m -version
javac 1.8.0_31
travis_fold:start:install[0Ktravis_time:start:048b5a08[0K$ ./gradlew assemble
Downloading https://services.gradle.org/distributions/gradle-2.3-bin.zip
...........................................................................................................................................................................................................................................................................................................................................................................................................................................................................................................................................................................................................................................................................................................................................................................................................................................................................................................................................................................................................................................................................................................................................................................................................................................................................................................................................................................................................................................................................................................................................................................................................................................................................................................................................................................................................................................................................................................................................................................................................................................................................................................................................................................................................
Unzipping /home/travis/.gradle/wrapper/dists/gradle-2.3-bin/a48v6zq5mdp1uyn9rwlj56945/gradle-2.3-bin.zip to /home/travis/.gradle/wrapper/dists/gradle-2.3-bin/a48v6zq5mdp1uyn9rwlj56945
Set executable permissions for: /home/travis/.gradle/wrapper/dists/gradle-2.3-bin/a48v6zq5mdp1uyn9rwlj56945/gradle-2.3/bin/gradle
Download https://jcenter.bintray.com/org/jfrog/buildinfo/build-info-extractor-gradle/3.0.3/build-info-extractor-gradle-3.0.3.pom
Download https://jcenter.bintray.com/com/jfrog/bintray/gradle/gradle-bintray-plugin/1.1/gradle-bintray-plugin-1.1.pom
Download https://jcenter.bintray.com/org/codehaus/groovy/modules/http-builder/http-builder/0.7.2/http-builder-0.7.2.pom
Download https://repo1.maven.org/maven2/org/apache/httpcomponents/httpclient/4.2.1/httpclient-4.2.1.pom
Download https://repo1.maven.org/maven2/org/apache/httpcomponents/httpcomponents-client/4.2.1/httpcomponents-client-4.2.1.pom
Download https://repo1.maven.org/maven2/org/apache/httpcomponents/project/6/project-6.pom
Download https://repo1.maven.org/maven2/net/sf/json-lib/json-lib/2.3/json-lib-2.3.pom
Download https://repo1.maven.org/maven2/net/sourceforge/nekohtml/nekohtml/1.9.16/nekohtml-1.9.16.pom
Download https://repo1.maven.org/maven2/xml-resolver/xml-resolver/1.2/xml-resolver-1.2.pom
Download https://repo1.maven.org/maven2/org/apache/apache/3/apache-3.pom
Download https://repo1.maven.org/maven2/org/apache/httpcomponents/httpcore/4.2.1/httpcore-4.2.1.pom
Download https://repo1.maven.org/maven2/org/apache/httpcomponents/httpcomponents-core/4.2.1/httpcomponents-core-4.2.1.pom
Download https://repo1.maven.org/maven2/commons-logging/commons-logging/1.1.1/commons-logging-1.1.1.pom
Download https://repo1.maven.org/maven2/org/apache/commons/commons-parent/5/commons-parent-5.pom
Download https://repo1.maven.org/maven2/org/apache/apache/4/apache-4.pom
Download https://repo1.maven.org/maven2/commons-codec/commons-codec/1.6/commons-codec-1.6.pom
Download https://repo1.maven.org/maven2/org/apache/commons/commons-parent/22/commons-parent-22.pom
Download https://repo1.maven.org/maven2/org/apache/apache/9/apache-9.pom
Download https://repo1.maven.org/maven2/commons-beanutils/commons-beanutils/1.8.0/commons-beanutils-1.8.0.pom
Download https://repo1.maven.org/maven2/org/apache/commons/commons-parent/11/commons-parent-11.pom
Download https://repo1.maven.org/maven2/commons-collections/commons-collections/3.2.1/commons-collections-3.2.1.pom
Download https://repo1.maven.org/maven2/org/apache/commons/commons-parent/9/commons-parent-9.pom
Download https://repo1.maven.org/maven2/commons-lang/commons-lang/2.4/commons-lang-2.4.pom
Download https://repo1.maven.org/maven2/net/sf/ezmorph/ezmorph/1.0.6/ezmorph-1.0.6.pom
Download https://repo1.maven.org/maven2/xerces/xercesImpl/2.9.1/xercesImpl-2.9.1.pom
Download https://repo1.maven.org/maven2/xml-apis/xml-apis/1.3.04/xml-apis-1.3.04.pom
Download https://jcenter.bintray.com/org/jfrog/buildinfo/build-info-extractor-gradle/3.1.0/build-info-extractor-gradle-3.1.0.pom
Download https://repo1.maven.org/maven2/commons-io/commons-io/2.0.1/commons-io-2.0.1.pom
Download https://repo1.maven.org/maven2/org/apache/commons/commons-parent/15/commons-parent-15.pom
Download https://repo1.maven.org/maven2/org/apache/apache/7/apache-7.pom
Download https://repo1.maven.org/maven2/org/apache/ivy/ivy/2.2.0/ivy-2.2.0.pom
Download https://jcenter.bintray.com/org/jfrog/buildinfo/build-info-extractor/2.5.0/build-info-extractor-2.5.0.pom
Download https://jcenter.bintray.com/org/jfrog/buildinfo/build-info-client/2.5.0/build-info-client-2.5.0.pom
Download https://repo1.maven.org/maven2/com/google/guava/guava/15.0/guava-15.0.pom
Download https://repo1.maven.org/maven2/com/google/guava/guava-parent/15.0/guava-parent-15.0.pom
Download https://repo1.maven.org/maven2/org/sonatype/oss/oss-parent/7/oss-parent-7.pom
Download https://repo1.maven.org/maven2/com/thoughtworks/xstream/xstream/1.3.1/xstream-1.3.1.pom
Download https://repo1.maven.org/maven2/com/thoughtworks/xstream/xstream-parent/1.3.1/xstream-parent-1.3.1.pom
Download https://jcenter.bintray.com/org/jfrog/buildinfo/build-info-api/2.5.0/build-info-api-2.5.0.pom
Download https://repo1.maven.org/maven2/org/codehaus/jackson/jackson-mapper-asl/1.9.12/jackson-mapper-asl-1.9.12.pom
Download https://repo1.maven.org/maven2/xpp3/xpp3_min/1.1.4c/xpp3_min-1.1.4c.pom
Download https://repo1.maven.org/maven2/org/codehaus/jackson/jackson-core-asl/1.9.12/jackson-core-asl-1.9.12.pom
Download https://repo1.maven.org/maven2/commons-codec/commons-codec/1.8/commons-codec-1.8.pom
Download https://repo1.maven.org/maven2/org/apache/commons/commons-parent/28/commons-parent-28.pom
Download https://repo1.maven.org/maven2/org/apache/apache/13/apache-13.pom
Download https://repo1.maven.org/maven2/org/apache/httpcomponents/httpclient/4.2.5/httpclient-4.2.5.pom
Download https://repo1.maven.org/maven2/org/apache/httpcomponents/httpcomponents-client/4.2.5/httpcomponents-client-4.2.5.pom
Download https://repo1.maven.org/maven2/org/apache/httpcomponents/httpcore/4.2.4/httpcore-4.2.4.pom
Download https://repo1.maven.org/maven2/org/apache/httpcomponents/httpcomponents-core/4.2.4/httpcomponents-core-4.2.4.pom
Download https://jcenter.bintray.com/com/jfrog/bintray/gradle/gradle-bintray-plugin/1.1/gradle-bintray-plugin-1.1.jar
Download https://jcenter.bintray.com/org/codehaus/groovy/modules/http-builder/http-builder/0.7.2/http-builder-0.7.2.jar
Download https://repo1.maven.org/maven2/net/sf/json-lib/json-lib/2.3/json-lib-2.3-jdk15.jar
Download https://repo1.maven.org/maven2/net/sourceforge/nekohtml/nekohtml/1.9.16/nekohtml-1.9.16.jar
Download https://repo1.maven.org/maven2/xml-resolver/xml-resolver/1.2/xml-resolver-1.2.jar
Download https://repo1.maven.org/maven2/commons-logging/commons-logging/1.1.1/commons-logging-1.1.1.jar
Download https://repo1.maven.org/maven2/commons-beanutils/commons-beanutils/1.8.0/commons-beanutils-1.8.0.jar
Download https://repo1.maven.org/maven2/commons-collections/commons-collections/3.2.1/commons-collections-3.2.1.jar
Download https://repo1.maven.org/maven2/commons-lang/commons-lang/2.4/commons-lang-2.4.jar
Download https://repo1.maven.org/maven2/net/sf/ezmorph/ezmorph/1.0.6/ezmorph-1.0.6.jar
Download https://repo1.maven.org/maven2/xerces/xercesImpl/2.9.1/xercesImpl-2.9.1.jar
Download https://repo1.maven.org/maven2/xml-apis/xml-apis/1.3.04/xml-apis-1.3.04.jar
Download https://jcenter.bintray.com/org/jfrog/buildinfo/build-info-extractor-gradle/3.1.0/build-info-extractor-gradle-3.1.0.jar
Download https://repo1.maven.org/maven2/commons-io/commons-io/2.0.1/commons-io-2.0.1.jar
Download https://repo1.maven.org/maven2/org/apache/ivy/ivy/2.2.0/ivy-2.2.0.jar
Download https://jcenter.bintray.com/org/jfrog/buildinfo/build-info-extractor/2.5.0/build-info-extractor-2.5.0.jar
Download https://jcenter.bintray.com/org/jfrog/buildinfo/build-info-client/2.5.0/build-info-client-2.5.0.jar
Download https://repo1.maven.org/maven2/com/google/guava/guava/15.0/guava-15.0.jar
Download https://repo1.maven.org/maven2/com/thoughtworks/xstream/xstream/1.3.1/xstream-1.3.1.jar
Download https://jcenter.bintray.com/org/jfrog/buildinfo/build-info-api/2.5.0/build-info-api-2.5.0.jar
Download https://repo1.maven.org/maven2/org/codehaus/jackson/jackson-mapper-asl/1.9.12/jackson-mapper-asl-1.9.12.jar
Download https://repo1.maven.org/maven2/xpp3/xpp3_min/1.1.4c/xpp3_min-1.1.4c.jar
Download https://repo1.maven.org/maven2/org/codehaus/jackson/jackson-core-asl/1.9.12/jackson-core-asl-1.9.12.jar
Download https://repo1.maven.org/maven2/commons-codec/commons-codec/1.8/commons-codec-1.8.jar
Download https://repo1.maven.org/maven2/org/apache/httpcomponents/httpclient/4.2.5/httpclient-4.2.5.jar
Download https://repo1.maven.org/maven2/org/apache/httpcomponents/httpcore/4.2.4/httpcore-4.2.4.jar
Download https://jcenter.bintray.com/org/jfrog/buildinfo/build-info-extractor/2.3.2/build-info-extractor-2.3.2.pom
Download https://jcenter.bintray.com/javax/annotation/jsr250-api/1.0/jsr250-api-1.0.pom
Download https://jcenter.bintray.com/com/google/guava/guava/10.0.1/guava-10.0.1.pom
Download https://jcenter.bintray.com/com/google/guava/guava-parent/10.0.1/guava-parent-10.0.1.pom
Download https://jcenter.bintray.com/org/jfrog/buildinfo/build-info-client/2.3.2/build-info-client-2.3.2.pom
Download https://jcenter.bintray.com/com/google/code/findbugs/jsr305/1.3.9/jsr305-1.3.9.pom
Download https://jcenter.bintray.com/org/jfrog/buildinfo/build-info-api/2.3.2/build-info-api-2.3.2.pom
Download https://jcenter.bintray.com/org/jfrog/buildinfo/build-info-extractor-gradle/3.0.3/build-info-extractor-gradle-3.0.3.jar
Download https://jcenter.bintray.com/org/jfrog/buildinfo/build-info-extractor/2.3.2/build-info-extractor-2.3.2.jar
Download https://jcenter.bintray.com/javax/annotation/jsr250-api/1.0/jsr250-api-1.0.jar
Download https://jcenter.bintray.com/com/google/guava/guava/10.0.1/guava-10.0.1.jar
Download https://jcenter.bintray.com/org/jfrog/buildinfo/build-info-client/2.3.2/build-info-client-2.3.2.jar
Download https://jcenter.bintray.com/com/google/code/findbugs/jsr305/1.3.9/jsr305-1.3.9.jar
Download https://jcenter.bintray.com/org/jfrog/buildinfo/build-info-api/2.3.2/build-info-api-2.3.2.jar
Creating Version file: 6.9.5-SNAPSHOT in /home/travis/build/failed/cbeust/testng/src/generated/java/org/testng/internal
[buildinfo] Not using buildInfo properties file for this build.
:myDir UP-TO-DATE
:createVersion
:compileGeneratedJava
:processGeneratedResources UP-TO-DATE
:generatedClasses
:compileJava
Download https://repo1.maven.org/maven2/org/apache/ant/ant/1.7.0/ant-1.7.0.pom
Download https://repo1.maven.org/maven2/org/apache/ant/ant-parent/1.7.0/ant-parent-1.7.0.pom
Download https://repo1.maven.org/maven2/junit/junit/4.10/junit-4.10.pom
Download https://repo1.maven.org/maven2/org/beanshell/bsh/2.0b4/bsh-2.0b4.pom
Download https://repo1.maven.org/maven2/org/beanshell/beanshell/2.0b4/beanshell-2.0b4.pom
Download https://repo1.maven.org/maven2/com/google/inject/guice/4.0/guice-4.0.pom
Download https://repo1.maven.org/maven2/com/google/inject/guice-parent/4.0/guice-parent-4.0.pom
Download https://repo1.maven.org/maven2/com/google/google/5/google-5.pom
Download https://repo1.maven.org/maven2/com/beust/jcommander/1.48/jcommander-1.48.pom
Download https://repo1.maven.org/maven2/org/sonatype/oss/oss-parent/3/oss-parent-3.pom
Download https://repo1.maven.org/maven2/org/yaml/snakeyaml/1.15/snakeyaml-1.15.pom
Download https://repo1.maven.org/maven2/org/apache/ant/ant-launcher/1.7.0/ant-launcher-1.7.0.pom
Download https://repo1.maven.org/maven2/org/hamcrest/hamcrest-core/1.1/hamcrest-core-1.1.pom
Download https://repo1.maven.org/maven2/org/hamcrest/hamcrest-parent/1.1/hamcrest-parent-1.1.pom
Download https://repo1.maven.org/maven2/javax/inject/javax.inject/1/javax.inject-1.pom
Download https://repo1.maven.org/maven2/aopalliance/aopalliance/1.0/aopalliance-1.0.pom
Download https://repo1.maven.org/maven2/com/google/guava/guava/16.0.1/guava-16.0.1.pom
Download https://repo1.maven.org/maven2/com/google/guava/guava-parent/16.0.1/guava-parent-16.0.1.pom
Download https://repo1.maven.org/maven2/org/apache/ant/ant/1.7.0/ant-1.7.0.jar
Download https://repo1.maven.org/maven2/junit/junit/4.10/junit-4.10.jar
Download https://repo1.maven.org/maven2/org/beanshell/bsh/2.0b4/bsh-2.0b4.jar
Download https://repo1.maven.org/maven2/com/google/inject/guice/4.0/guice-4.0-no_aop.jar
Download https://repo1.maven.org/maven2/com/beust/jcommander/1.48/jcommander-1.48.jar
Download https://repo1.maven.org/maven2/org/yaml/snakeyaml/1.15/snakeyaml-1.15.jar
Download https://repo1.maven.org/maven2/org/apache/ant/ant-launcher/1.7.0/ant-launcher-1.7.0.jar
Download https://repo1.maven.org/maven2/org/hamcrest/hamcrest-core/1.1/hamcrest-core-1.1.jar
Download https://repo1.maven.org/maven2/javax/inject/javax.inject/1/javax.inject-1.jar
Download https://repo1.maven.org/maven2/aopalliance/aopalliance/1.0/aopalliance-1.0.jar
Download https://repo1.maven.org/maven2/com/google/guava/guava/16.0.1/guava-16.0.1.jar
Note: Some input files use or override a deprecated API.
Note: Recompile with -Xlint:deprecation for details.
Note: Some input files use unchecked or unsafe operations.
Note: Recompile with -Xlint:unchecked for details.
:processResources
:classes
:jar
:javadoc/home/travis/build/failed/cbeust/testng/src/main/java/org/testng/TestNG.java:35: error: cannot find symbol
import org.testng.internal.Version;
                          ^
  symbol:   class Version
  location: package org.testng.internal

1 warning
:javadocJar
:sourcesJar
:signArchives SKIPPED
:assemble

BUILD SUCCESSFUL

Total time: 52.128 secs

travis_time:end:048b5a08:start=1660913553076630367,finish=1660913605744189211,duration=52667558844[0Ktravis_fold:end:install[0Ktravis_time:start:05723a1b[0K$ ./gradlew clean test
Creating Version file: 6.9.5-SNAPSHOT in /home/travis/build/failed/cbeust/testng/src/generated/java/org/testng/internal
[buildinfo] Not using buildInfo properties file for this build.
:clean
:myDir UP-TO-DATE
:createVersion
:compileGeneratedJava
:processGeneratedResources UP-TO-DATE
:generatedClasses
:compileJavaNote: Some input files use or override a deprecated API.
Note: Recompile with -Xlint:deprecation for details.
Note: Some input files use unchecked or unsafe operations.
Note: Recompile with -Xlint:unchecked for details.

:processResources
:classes
:compileTestJava
Download https://repo1.maven.org/maven2/org/assertj/assertj-core/2.0.0/assertj-core-2.0.0.pom
Download https://repo1.maven.org/maven2/org/assertj/assertj-parent-pom/1.3.5/assertj-parent-pom-1.3.5.pom
Download https://repo1.maven.org/maven2/com/github/marschall/memoryfilesystem/0.6.4/memoryfilesystem-0.6.4.pom
Download https://repo1.maven.org/maven2/org/assertj/assertj-core/2.0.0/assertj-core-2.0.0.jar
Download https://repo1.maven.org/maven2/com/github/marschall/memoryfilesystem/0.6.4/memoryfilesystem-0.6.4.jar
Note: Some input files use or override a deprecated API.
Note: Recompile with -Xlint:deprecation for details.
Note: Some input files use unchecked or unsafe operations.
Note: Recompile with -Xlint:unchecked for details.
:processTestResources
:testClasses
:test

TestNG > MethodInterceptor > test.methodinterceptors.multipleinterceptors.MultipleInterceptorsTest.testMultipleInterceptorsWithPreserveOrder FAILED
    java.lang.IndexOutOfBoundsException at MultipleInterceptorsTest.java:37

1143 tests completed, 1 failed
:test FAILED

FAILURE: Build failed with an exception.

* What went wrong:
Execution failed for task ':test'.
> There were failing tests. See the report at: file:///home/travis/build/failed/cbeust/testng/build/reports/tests/index.html

* Try:
Run with --stacktrace option to get the stack trace. Run with --info or --debug option to get more log output.

BUILD FAILED

Total time: 47.799 secs

travis_time:end:05723a1b:start=1660913605753170151,finish=1660913654057112282,duration=48303942131[0K
[31;1mThe command "./gradlew clean test" exited with 1.[0m

Done. Your build exited with 1.
