travis_fold:start:system_info[0K[33;1mBuild system information[0m
Build language: java
Build id: ''
Job id: ''
[34m[1mBuild image provisioning date and time[0m
Thu Feb  5 15:09:33 UTC 2015
[34m[1mOperating System Details[0m
Distributor ID:	Ubuntu
Description:	Ubuntu 12.04.5 LTS
Release:	12.04
Codename:	precise
[34m[1mLinux Version[0m
3.13.0-29-generic
[34m[1mCookbooks Version[0m
a68419e https://github.com/travis-ci/travis-cookbooks/tree/a68419e
[34m[1mGCC version[0m
gcc (Ubuntu/Linaro 4.6.3-1ubuntu5) 4.6.3
Copyright (C) 2011 Free Software Foundation, Inc.
This is free software; see the source for copying conditions.  There is NO
warranty; not even for MERCHANTABILITY or FITNESS FOR A PARTICULAR PURPOSE.

[34m[1mLLVM version[0m
clang version 3.4 (tags/RELEASE_34/final)
Target: x86_64-unknown-linux-gnu
Thread model: posix
[34m[1mPre-installed Ruby versions[0m
ruby-1.9.3-p551
[34m[1mPre-installed Node.js versions[0m
v0.10.36
[34m[1mPre-installed Go versions[0m
1.4.1
[34m[1mRedis version[0m
redis-server 2.8.19
[34m[1mriak version[0m
2.0.2
[34m[1mMongoDB version[0m
MongoDB 2.4.12
[34m[1mCouchDB version[0m
couchdb 1.6.1
[34m[1mNeo4j version[0m
1.9.4
[34m[1mRabbitMQ Version[0m
3.4.3
[34m[1mElasticSearch version[0m
1.4.0
[34m[1mInstalled Sphinx versions[0m
2.0.10
2.1.9
2.2.6
[34m[1mDefault Sphinx version[0m
2.2.6
[34m[1mInstalled Firefox version[0m
firefox 31.0esr
[34m[1mPhantomJS version[0m
1.9.8
[34m[1mant -version[0m
Apache Ant(TM) version 1.8.2 compiled on December 3 2011
[34m[1mmvn -version[0m
Apache Maven 3.2.5 (12a6b3acb947671f09b81f49094c53f426d8cea1; 2014-12-14T17:29:23+00:00)
Maven home: /usr/local/maven
Java version: 1.7.0_76, vendor: Oracle Corporation
Java home: /usr/lib/jvm/java-7-oracle/jre
Default locale: en_US, platform encoding: ANSI_X3.4-1968
OS name: "linux", version: "3.13.0-29-generic", arch: "amd64", family: "unix"
travis_fold:end:system_info[0K
W: Failed to fetch http://us.archive.ubuntu.com/ubuntu/dists/precise/main/source/Sources  404  Not Found [IP: 91.189.91.38 80]

W: Failed to fetch http://us.archive.ubuntu.com/ubuntu/dists/precise/restricted/source/Sources  404  Not Found [IP: 91.189.91.38 80]

W: Failed to fetch http://us.archive.ubuntu.com/ubuntu/dists/precise/universe/source/Sources  404  Not Found [IP: 91.189.91.38 80]

W: Failed to fetch http://us.archive.ubuntu.com/ubuntu/dists/precise/multiverse/source/Sources  404  Not Found [IP: 91.189.91.38 80]

W: Failed to fetch http://us.archive.ubuntu.com/ubuntu/dists/precise/main/binary-amd64/Packages  404  Not Found [IP: 91.189.91.38 80]

W: Failed to fetch http://us.archive.ubuntu.com/ubuntu/dists/precise/restricted/binary-amd64/Packages  404  Not Found [IP: 91.189.91.38 80]

W: Failed to fetch http://us.archive.ubuntu.com/ubuntu/dists/precise/universe/binary-amd64/Packages  404  Not Found [IP: 91.189.91.38 80]

W: Failed to fetch http://us.archive.ubuntu.com/ubuntu/dists/precise/multiverse/binary-amd64/Packages  404  Not Found [IP: 91.189.91.38 80]

W: Failed to fetch http://us.archive.ubuntu.com/ubuntu/dists/precise/main/binary-i386/Packages  404  Not Found [IP: 91.189.91.38 80]

W: Failed to fetch http://us.archive.ubuntu.com/ubuntu/dists/precise/restricted/binary-i386/Packages  404  Not Found [IP: 91.189.91.38 80]

W: Failed to fetch http://us.archive.ubuntu.com/ubuntu/dists/precise/universe/binary-i386/Packages  404  Not Found [IP: 91.189.91.38 80]

W: Failed to fetch http://us.archive.ubuntu.com/ubuntu/dists/precise/multiverse/binary-i386/Packages  404  Not Found [IP: 91.189.91.38 80]

W: Failed to fetch http://us.archive.ubuntu.com/ubuntu/dists/precise-updates/main/source/Sources  404  Not Found [IP: 91.189.91.38 80]

W: Failed to fetch http://us.archive.ubuntu.com/ubuntu/dists/precise-updates/restricted/source/Sources  404  Not Found [IP: 91.189.91.38 80]

W: Failed to fetch http://us.archive.ubuntu.com/ubuntu/dists/precise-updates/universe/source/Sources  404  Not Found [IP: 91.189.91.38 80]

W: Failed to fetch http://us.archive.ubuntu.com/ubuntu/dists/precise-updates/multiverse/source/Sources  404  Not Found [IP: 91.189.91.38 80]

W: Failed to fetch http://us.archive.ubuntu.com/ubuntu/dists/precise-updates/main/binary-amd64/Packages  404  Not Found [IP: 91.189.91.38 80]

W: Failed to fetch http://us.archive.ubuntu.com/ubuntu/dists/precise-updates/restricted/binary-amd64/Packages  404  Not Found [IP: 91.189.91.38 80]

W: Failed to fetch http://us.archive.ubuntu.com/ubuntu/dists/precise-updates/universe/binary-amd64/Packages  404  Not Found [IP: 91.189.91.38 80]

W: Failed to fetch http://us.archive.ubuntu.com/ubuntu/dists/precise-updates/multiverse/binary-amd64/Packages  404  Not Found [IP: 91.189.91.38 80]

W: Failed to fetch http://us.archive.ubuntu.com/ubuntu/dists/precise-updates/main/binary-i386/Packages  404  Not Found [IP: 91.189.91.38 80]

W: Failed to fetch http://us.archive.ubuntu.com/ubuntu/dists/precise-updates/restricted/binary-i386/Packages  404  Not Found [IP: 91.189.91.38 80]

W: Failed to fetch http://us.archive.ubuntu.com/ubuntu/dists/precise-updates/universe/binary-i386/Packages  404  Not Found [IP: 91.189.91.38 80]

W: Failed to fetch http://us.archive.ubuntu.com/ubuntu/dists/precise-updates/multiverse/binary-i386/Packages  404  Not Found [IP: 91.189.91.38 80]

W: Failed to fetch http://us.archive.ubuntu.com/ubuntu/dists/precise-backports/main/source/Sources  404  Not Found [IP: 91.189.91.38 80]

W: Failed to fetch http://us.archive.ubuntu.com/ubuntu/dists/precise-backports/restricted/source/Sources  404  Not Found [IP: 91.189.91.38 80]

W: Failed to fetch http://us.archive.ubuntu.com/ubuntu/dists/precise-backports/universe/source/Sources  404  Not Found [IP: 91.189.91.38 80]

W: Failed to fetch http://us.archive.ubuntu.com/ubuntu/dists/precise-backports/multiverse/source/Sources  404  Not Found [IP: 91.189.91.38 80]

W: Failed to fetch http://us.archive.ubuntu.com/ubuntu/dists/precise-backports/main/binary-amd64/Packages  404  Not Found [IP: 91.189.91.38 80]

W: Failed to fetch http://us.archive.ubuntu.com/ubuntu/dists/precise-backports/restricted/binary-amd64/Packages  404  Not Found [IP: 91.189.91.38 80]

W: Failed to fetch http://us.archive.ubuntu.com/ubuntu/dists/precise-backports/universe/binary-amd64/Packages  404  Not Found [IP: 91.189.91.38 80]

W: Failed to fetch http://us.archive.ubuntu.com/ubuntu/dists/precise-backports/multiverse/binary-amd64/Packages  404  Not Found [IP: 91.189.91.38 80]

W: Failed to fetch http://us.archive.ubuntu.com/ubuntu/dists/precise-backports/main/binary-i386/Packages  404  Not Found [IP: 91.189.91.38 80]

W: Failed to fetch http://us.archive.ubuntu.com/ubuntu/dists/precise-backports/restricted/binary-i386/Packages  404  Not Found [IP: 91.189.91.38 80]

W: Failed to fetch http://us.archive.ubuntu.com/ubuntu/dists/precise-backports/universe/binary-i386/Packages  404  Not Found [IP: 91.189.91.38 80]

W: Failed to fetch http://us.archive.ubuntu.com/ubuntu/dists/precise-backports/multiverse/binary-i386/Packages  404  Not Found [IP: 91.189.91.38 80]

W: Failed to fetch http://security.ubuntu.com/ubuntu/dists/precise-security/main/source/Sources  404  Not Found [IP: 185.125.190.39 80]

W: Failed to fetch http://security.ubuntu.com/ubuntu/dists/precise-security/restricted/source/Sources  404  Not Found [IP: 185.125.190.39 80]

W: Failed to fetch http://security.ubuntu.com/ubuntu/dists/precise-security/universe/source/Sources  404  Not Found [IP: 185.125.190.39 80]

W: Failed to fetch http://security.ubuntu.com/ubuntu/dists/precise-security/multiverse/source/Sources  404  Not Found [IP: 185.125.190.39 80]

W: Failed to fetch http://security.ubuntu.com/ubuntu/dists/precise-security/main/binary-amd64/Packages  404  Not Found [IP: 185.125.190.39 80]

W: Failed to fetch http://security.ubuntu.com/ubuntu/dists/precise-security/restricted/binary-amd64/Packages  404  Not Found [IP: 185.125.190.39 80]

W: Failed to fetch http://security.ubuntu.com/ubuntu/dists/precise-security/universe/binary-amd64/Packages  404  Not Found [IP: 185.125.190.39 80]

W: Failed to fetch http://security.ubuntu.com/ubuntu/dists/precise-security/multiverse/binary-amd64/Packages  404  Not Found [IP: 185.125.190.39 80]

W: Failed to fetch http://security.ubuntu.com/ubuntu/dists/precise-security/main/binary-i386/Packages  404  Not Found [IP: 185.125.190.39 80]

W: Failed to fetch http://security.ubuntu.com/ubuntu/dists/precise-security/restricted/binary-i386/Packages  404  Not Found [IP: 185.125.190.39 80]

W: Failed to fetch http://security.ubuntu.com/ubuntu/dists/precise-security/universe/binary-i386/Packages  404  Not Found [IP: 185.125.190.39 80]

W: Failed to fetch http://security.ubuntu.com/ubuntu/dists/precise-security/multiverse/binary-i386/Packages  404  Not Found [IP: 185.125.190.39 80]

W: Failed to fetch http://apt.postgresql.org/pub/repos/apt/dists/precise-pgdg/main/binary-amd64/Packages  404  Not Found [IP: 217.196.149.55 80]

W: Failed to fetch http://apt.postgresql.org/pub/repos/apt/dists/precise-pgdg/main/binary-i386/Packages  404  Not Found [IP: 217.196.149.55 80]

W: Failed to fetch http://ppa.launchpad.net/rwky/ppa/ubuntu/dists/precise/main/binary-amd64/Packages  403  Forbidden

W: Failed to fetch http://ppa.launchpad.net/rwky/ppa/ubuntu/dists/precise/main/binary-i386/Packages  403  Forbidden

W: Failed to fetch http://ppa.launchpad.net/travis-ci/zero-mq/ubuntu/dists/precise/main/binary-amd64/Packages  403  Forbidden

W: Failed to fetch http://ppa.launchpad.net/travis-ci/zero-mq/ubuntu/dists/precise/main/binary-i386/Packages  403  Forbidden

W: Failed to fetch http://downloads-distro.mongodb.org/repo/debian-sysvinit/dists/dist/10gen/binary-amd64/Packages  Undetermined Error [IP: 52.206.222.245 80]

W: Failed to fetch http://downloads-distro.mongodb.org/repo/debian-sysvinit/dists/dist/10gen/binary-i386/Packages  Undetermined Error [IP: 52.206.222.245 80]

E: Some index files failed to download. They have been ignored, or old ones used instead.
sed: cannot rename /etc/hosts: Device or resource busy
sed: cannot rename /etc/hosts: Device or resource busy
$ jdk_switcher use oraclejdk7
Switching to Oracle JDK7 (java-7-oracle), JAVA_HOME will be set to /usr/lib/jvm/java-7-oracle
$ cd failed/cbeust/testng
$ java -Xmx32m -version
java version "1.7.0_76"
Java(TM) SE Runtime Environment (build 1.7.0_76-b13)
Java HotSpot(TM) 64-Bit Server VM (build 24.76-b04, mixed mode)
$ javac -J-Xmx32m -version
javac 1.7.0_76
travis_fold:start:install[0Ktravis_time:start:157168c0[0K$ mvn install -Dhttps.protocols=TLSv1.2 -Dhttps.protocols=TLSv1.2 -Dgpg.skip=true -DskipTests=true -Dmaven.javadoc.skip=true -B -V
Apache Maven 3.2.5 (12a6b3acb947671f09b81f49094c53f426d8cea1; 2014-12-14T17:29:23+00:00)
Maven home: /usr/local/maven
Java version: 1.7.0_76, vendor: Oracle Corporation
Java home: /usr/lib/jvm/java-7-oracle/jre
Default locale: en_US, platform encoding: UTF-8
OS name: "linux", version: "4.15.0-109-generic", arch: "amd64", family: "unix"
[INFO] Scanning for projects...
[INFO]                                                                         
[INFO] ------------------------------------------------------------------------
[INFO] Building TestNG 6.9.0-SNAPSHOT
[INFO] ------------------------------------------------------------------------
[INFO] 
[INFO] --- build-helper-maven-plugin:1.9.1:add-source (default) @ testng ---
[INFO] Source directory: /home/travis/build/failed/cbeust/testng/target/generated-sources/version added.
[INFO] 
[INFO] --- maven-resources-plugin:2.4.1:resources (default-resources) @ testng ---
[INFO] Using 'UTF-8' encoding to copy filtered resources.
[INFO] Copying 1 resource to /home/travis/build/failed/cbeust/testng/target/generated-sources/version
[INFO] Copying 14 resources
[INFO] 
[INFO] --- maven-compiler-plugin:3.1:compile (default-compile) @ testng ---
[INFO] Changes detected - recompiling the module!
[INFO] Compiling 373 source files to /home/travis/build/failed/cbeust/testng/target/classes
[WARNING] /home/travis/build/failed/cbeust/testng/src/main/java/org/testng/internal/annotations/JDK15TagFactory.java: Some input files use or override a deprecated API.
[WARNING] /home/travis/build/failed/cbeust/testng/src/main/java/org/testng/internal/annotations/JDK15TagFactory.java: Recompile with -Xlint:deprecation for details.
[WARNING] /home/travis/build/failed/cbeust/testng/src/main/java/org/testng/xml/XmlTest.java: Some input files use unchecked or unsafe operations.
[WARNING] /home/travis/build/failed/cbeust/testng/src/main/java/org/testng/xml/XmlTest.java: Recompile with -Xlint:unchecked for details.
[INFO] 
[INFO] --- maven-bundle-plugin:2.1.0:manifest (bundle-manifest) @ testng ---
[WARNING] Warning in manifest for org.testng:testng:jar:6.9.0-SNAPSHOT : Superfluous export-package instructions: [com, com.beust, org]
[WARNING] Warning in manifest for org.testng:testng:jar:6.9.0-SNAPSHOT : Did not find matching referal for !com.sun.*
[INFO] 
[INFO] --- maven-resources-plugin:2.4.1:testResources (default-testResources) @ testng ---
[INFO] Using 'UTF-8' encoding to copy filtered resources.
[INFO] Copying 77 resources
[INFO] 
[INFO] --- maven-compiler-plugin:3.1:testCompile (default-testCompile) @ testng ---
[INFO] Nothing to compile - all classes are up to date
[INFO] 
[INFO] --- maven-surefire-plugin:2.14.1:test (default-test) @ testng ---
[INFO] Tests are skipped.
[INFO] 
[INFO] --- maven-jar-plugin:2.3.1:jar (default-jar) @ testng ---
[INFO] Building jar: /home/travis/build/failed/cbeust/testng/target/testng-6.9.0-SNAPSHOT.jar
[INFO] 
[INFO] >>> maven-source-plugin:2.1.1:jar (attach-sources) > generate-sources @ testng >>>
[INFO] 
[INFO] --- build-helper-maven-plugin:1.9.1:add-source (default) @ testng ---
[INFO] Source directory: /home/travis/build/failed/cbeust/testng/target/generated-sources/version added.
[INFO] 
[INFO] <<< maven-source-plugin:2.1.1:jar (attach-sources) < generate-sources @ testng <<<
[INFO] 
[INFO] --- maven-source-plugin:2.1.1:jar (attach-sources) @ testng ---
[INFO] 
[INFO] --- maven-gpg-plugin:1.4:sign (sign-artifacts) @ testng ---
[INFO] 
[INFO] --- maven-install-plugin:2.4:install (default-install) @ testng ---
[INFO] Installing /home/travis/build/failed/cbeust/testng/target/testng-6.9.0-SNAPSHOT.jar to /home/travis/.m2/repository/org/testng/testng/6.9.0-SNAPSHOT/testng-6.9.0-SNAPSHOT.jar
[INFO] Installing /home/travis/build/failed/cbeust/testng/pom.xml to /home/travis/.m2/repository/org/testng/testng/6.9.0-SNAPSHOT/testng-6.9.0-SNAPSHOT.pom
[INFO] Installing /home/travis/build/failed/cbeust/testng/target/testng-6.9.0-SNAPSHOT-sources.jar to /home/travis/.m2/repository/org/testng/testng/6.9.0-SNAPSHOT/testng-6.9.0-SNAPSHOT-sources.jar
[INFO] ------------------------------------------------------------------------
[INFO] BUILD SUCCESS
[INFO] ------------------------------------------------------------------------
[INFO] Total time: 31.921 s
[INFO] Finished at: 2022-07-31T01:28:29+00:00
[INFO] Final Memory: 19M/491M
[INFO] ------------------------------------------------------------------------

travis_time:end:157168c0:start=1659230876346365649,finish=1659230910012925849,duration=33666560200[0Ktravis_fold:end:install[0Ktravis_fold:start:before_script[0Ktravis_time:start:0b7b56c8[0K$ export TESTNG_VERSION=$(mvn -Dhttps.protocols=TLSv1.2 -Dhttps.protocols=TLSv1.2 -q -Dexec.executable="echo" -Dexec.args='${project.version}' --non-recursive org.codehaus.mojo:exec-maven-plugin:1.4.0:exec)

travis_time:end:0b7b56c8:start=1659230910022912029,finish=1659230912996512041,duration=2973600012[0Ktravis_fold:end:before_script[0Ktravis_time:start:241cf25e[0K$ mvn -Dhttps.protocols=TLSv1.2 -Dhttps.protocols=TLSv1.2 -f pom-test.xml test -B
[INFO] Scanning for projects...
[INFO]                                                                         
[INFO] ------------------------------------------------------------------------
[INFO] Building TestNG 1.0-SNAPSHOT
[INFO] ------------------------------------------------------------------------
[INFO] Downloading: https://repository.apache.org/snapshots/org/testng/testng/6.9.0-SNAPSHOT/maven-metadata.xml
[INFO] 
[INFO] --- maven-resources-plugin:2.6:resources (default-resources) @ testng-test ---
[INFO] Using 'UTF-8' encoding to copy filtered resources.
[INFO] Copying 14 resources
[INFO] 
[INFO] --- maven-compiler-plugin:3.1:compile (default-compile) @ testng-test ---
[INFO] Not compiling main sources
[INFO] 
[INFO] --- maven-resources-plugin:2.6:testResources (default-testResources) @ testng-test ---
[INFO] Using 'UTF-8' encoding to copy filtered resources.
[INFO] Copying 77 resources
[INFO] 
[INFO] --- maven-compiler-plugin:3.1:testCompile (default-testCompile) @ testng-test ---
[INFO] Nothing to compile - all classes are up to date
[INFO] 
[INFO] --- maven-surefire-plugin:2.14.1:test (default-test) @ testng-test ---
[INFO] Surefire report directory: /home/travis/build/failed/cbeust/testng/target/surefire-reports

-------------------------------------------------------
 T E S T S
-------------------------------------------------------
Running TestSuite
[SimpleBaseTest] Warning: System property test.resources.dir was not defined.
[TestNG] [WARN] MethodInterceptor already set
Tests run: 617, Failures: 1, Errors: 0, Skipped: 0, Time elapsed: 40.633 sec <<< FAILURE!
compareFiles(test.yaml.YamlTest)  Time elapsed: 0.136 sec  <<< FAILURE!
java.lang.AssertionError: Lists differ at element [0]: [Suite: "SingleSuite"   [Test: "Test3" verbose:1[parameters:n=>43z=>foo][metagroups:a=b,d,] [included: A B ][excluded: CD]  classes: packages:org.testng.xml.XmlPackage@d9799c4d org.testng.xml.XmlPackage@d9799c6c ]    [Test: "Test1" verbose:1[parameters:][metagroups:] [included: ][excluded: ]  classes:[XmlClass class=test.tmp.A] [XmlClass class=test.tmp.B]  packages:]    [Test: "Test2" verbose:1[parameters:][metagroups:] [included: ][excluded: ]  classes:[XmlClass class=test.tmp.B]  packages:]   methodSelector:org.testng.xml.XmlMethodSelector@de9d8ee3 methodSelector:org.testng.xml.XmlMethodSelector@3715d9c7] != [Suite: "SingleSuite"   [Test: "Test3" verbose:1[parameters:n=>43z=>foo][metagroups:a=b,d,] [included: A B ][excluded: CD]  classes: packages:org.testng.xml.XmlPackage@d9799c4d org.testng.xml.XmlPackage@d9799c6c ]    [Test: "Test1" verbose:1[parameters:][metagroups:] [included: ][excluded: ]  classes:[XmlClass class=test.tmp.A] [XmlClass class=test.tmp.B]  packages:]    [Test: "Test2" verbose:1[parameters:][metagroups:] [included: ][excluded: ]  classes:[XmlClass class=test.tmp.B]  packages:]   methodSelector:org.testng.xml.XmlMethodSelector@de9d8ee3 methodSelector:org.testng.xml.XmlMethodSelector@3715d9c7] expected [[Suite: "SingleSuite"   [Test: "Test3" verbose:1[parameters:n=>43z=>foo][metagroups:a=b,d,] [included: A B ][excluded: CD]  classes: packages:org.testng.xml.XmlPackage@d9799c4d org.testng.xml.XmlPackage@d9799c6c ]    [Test: "Test1" verbose:1[parameters:][metagroups:] [included: ][excluded: ]  classes:[XmlClass class=test.tmp.A] [XmlClass class=test.tmp.B]  packages:]    [Test: "Test2" verbose:1[parameters:][metagroups:] [included: ][excluded: ]  classes:[XmlClass class=test.tmp.B]  packages:]   methodSelector:org.testng.xml.XmlMethodSelector@de9d8ee3 methodSelector:org.testng.xml.XmlMethodSelector@3715d9c7]] but found [[Suite: "SingleSuite"   [Test: "Test3" verbose:1[parameters:n=>43z=>foo][metagroups:a=b,d,] [included: A B ][excluded: CD]  classes: packages:org.testng.xml.XmlPackage@d9799c4d org.testng.xml.XmlPackage@d9799c6c ]    [Test: "Test1" verbose:1[parameters:][metagroups:] [included: ][excluded: ]  classes:[XmlClass class=test.tmp.A] [XmlClass class=test.tmp.B]  packages:]    [Test: "Test2" verbose:1[parameters:][metagroups:] [included: ][excluded: ]  classes:[XmlClass class=test.tmp.B]  packages:]   methodSelector:org.testng.xml.XmlMethodSelector@de9d8ee3 methodSelector:org.testng.xml.XmlMethodSelector@3715d9c7]]
	at org.testng.Assert.fail(Assert.java:94)
	at org.testng.Assert.failNotEquals(Assert.java:496)
	at org.testng.Assert.assertEquals(Assert.java:125)
	at org.testng.Assert.assertEquals(Assert.java:551)
	at org.testng.Assert.assertEquals(Assert.java:516)
	at test.yaml.YamlTest.compareFiles(YamlTest.java:38)


Results :

Failed tests: 
  YamlTest.compareFiles:38 Lists differ at element [0]: [Suite: "SingleSuite"   [Test: "Test3" verbose:1[parameters:n=>43z=>foo][metagroups:a=b,d,] [included: A B ][excluded: CD]  classes: packages:org.testng.xml.XmlPackage@d9799c4d org.testng.xml.XmlPackage@d9799c6c ]    [Test: "Test1" verbose:1[parameters:][metagroups:] [included: ][excluded: ]  classes:[XmlClass class=test.tmp.A] [XmlClass class=test.tmp.B]  packages:]    [Test: "Test2" verbose:1[parameters:][metagroups:] [included: ][excluded: ]  classes:[XmlClass class=test.tmp.B]  packages:]   methodSelector:org.testng.xml.XmlMethodSelector@de9d8ee3 methodSelector:org.testng.xml.XmlMethodSelector@3715d9c7] != [Suite: "SingleSuite"   [Test: "Test3" verbose:1[parameters:n=>43z=>foo][metagroups:a=b,d,] [included: A B ][excluded: CD]  classes: packages:org.testng.xml.XmlPackage@d9799c4d org.testng.xml.XmlPackage@d9799c6c ]    [Test: "Test1" verbose:1[parameters:][metagroups:] [included: ][excluded: ]  classes:[XmlClass class=test.tmp.A] [XmlClass class=test.tmp.B]  packages:]    [Test: "Test2" verbose:1[parameters:][metagroups:] [included: ][excluded: ]  classes:[XmlClass class=test.tmp.B]  packages:]   methodSelector:org.testng.xml.XmlMethodSelector@de9d8ee3 methodSelector:org.testng.xml.XmlMethodSelector@3715d9c7] expected [[Suite: "SingleSuite"   [Test: "Test3" verbose:1[parameters:n=>43z=>foo][metagroups:a=b,d,] [included: A B ][excluded: CD]  classes: packages:org.testng.xml.XmlPackage@d9799c4d org.testng.xml.XmlPackage@d9799c6c ]    [Test: "Test1" verbose:1[parameters:][metagroups:] [included: ][excluded: ]  classes:[XmlClass class=test.tmp.A] [XmlClass class=test.tmp.B]  packages:]    [Test: "Test2" verbose:1[parameters:][metagroups:] [included: ][excluded: ]  classes:[XmlClass class=test.tmp.B]  packages:]   methodSelector:org.testng.xml.XmlMethodSelector@de9d8ee3 methodSelector:org.testng.xml.XmlMethodSelector@3715d9c7]] but found [[Suite: "SingleSuite"   [Test: "Test3" verbose:1[parameters:n=>43z=>foo][metagroups:a=b,d,] [included: A B ][excluded: CD]  classes: packages:org.testng.xml.XmlPackage@d9799c4d org.testng.xml.XmlPackage@d9799c6c ]    [Test: "Test1" verbose:1[parameters:][metagroups:] [included: ][excluded: ]  classes:[XmlClass class=test.tmp.A] [XmlClass class=test.tmp.B]  packages:]    [Test: "Test2" verbose:1[parameters:][metagroups:] [included: ][excluded: ]  classes:[XmlClass class=test.tmp.B]  packages:]   methodSelector:org.testng.xml.XmlMethodSelector@de9d8ee3 methodSelector:org.testng.xml.XmlMethodSelector@3715d9c7]]

Tests run: 617, Failures: 1, Errors: 0, Skipped: 0

[INFO] ------------------------------------------------------------------------
[INFO] BUILD FAILURE
[INFO] ------------------------------------------------------------------------
[INFO] Total time: 45.321 s
[INFO] Finished at: 2022-07-31T01:29:19+00:00
[INFO] Final Memory: 13M/491M
[INFO] ------------------------------------------------------------------------
[ERROR] Failed to execute goal org.apache.maven.plugins:maven-surefire-plugin:2.14.1:test (default-test) on project testng-test: There are test failures.
[ERROR] 
[ERROR] Please refer to /home/travis/build/failed/cbeust/testng/target/surefire-reports for the individual test results.
[ERROR] -> [Help 1]
[ERROR] 
[ERROR] To see the full stack trace of the errors, re-run Maven with the -e switch.
[ERROR] Re-run Maven using the -X switch to enable full debug logging.
[ERROR] 
[ERROR] For more information about the errors and possible solutions, please read the following articles:
[ERROR] [Help 1] http://cwiki.apache.org/confluence/display/MAVEN/MojoFailureException

travis_time:end:241cf25e:start=1659230913010771220,finish=1659230959910325979,duration=46899554759[0K
[31;1mThe command "mvn -Dhttps.protocols=TLSv1.2 -Dhttps.protocols=TLSv1.2 -f pom-test.xml test -B" exited with 1.[0m

Done. Your build exited with 1.
